<?xml version="1.0" encoding="UTF-8"?>
<testng-results ignored="0" total="1" passed="1" failed="0" skipped="0">
  <reporter-output>
  </reporter-output>
  <suite started-at="2026-02-11T22:35:31 GST" name="Demoblaze Suite" finished-at="2026-02-11T22:35:33 GST" duration-ms="2748">
    <groups>
    </groups>
    <test started-at="2026-02-11T22:35:31 GST" name="HomePage Tests" finished-at="2026-02-11T22:35:33 GST" duration-ms="2748">
      <class name="com.irfan.ecommerce.tests.HomePageTest">
        <test-method is-config="true" signature="setup()[pri:0, instance:com.irfan.ecommerce.tests.HomePageTest@70be0a2b]" started-at="2026-02-11T22:35:31 GST" name="setup" finished-at="2026-02-11T22:35:32 GST" duration-ms="1338" status="PASS">
          <reporter-output>
          </reporter-output>
        </test-method> <!-- setup -->
        <test-method signature="testPhonesCategory()[pri:0, instance:com.irfan.ecommerce.tests.HomePageTest@70be0a2b]" started-at="2026-02-11T22:35:32 GST" name="testPhonesCategory" finished-at="2026-02-11T22:35:33 GST" duration-ms="1306" status="PASS">
          <reporter-output>
          </reporter-output>
        </test-method> <!-- testPhonesCategory -->
        <test-method is-config="true" signature="tearDown()[pri:0, instance:com.irfan.ecommerce.tests.HomePageTest@70be0a2b]" started-at="2026-02-11T22:35:33 GST" name="tearDown" finished-at="2026-02-11T22:35:33 GST" duration-ms="92" status="PASS">
          <reporter-output>
          </reporter-output>
        </test-method> <!-- tearDown -->
      </class> <!-- com.irfan.ecommerce.tests.HomePageTest -->
    </test> <!-- HomePage Tests -->
  </suite> <!-- Demoblaze Suite -->
</testng-results>
